#
# There is insufficient memory for the Java Runtime Environment to continue.
# Native memory allocation (malloc) failed to allocate 1706416 bytes for Chunk::new
# Possible reasons:
#   The system is out of physical RAM or swap space
#   The process is running with CompressedOops enabled, and the Java Heap may be blocking the growth of the native heap
# Possible solutions:
#   Reduce memory load on the system
#   Increase physical memory or swap space
#   Check if swap backing store is full
#   Decrease Java heap size (-Xmx/-Xms)
#   Decrease number of Java threads
#   Decrease Java thread stack sizes (-Xss)
#   Set larger code cache with -XX:ReservedCodeCacheSize=
#   JVM is running with Unscaled Compressed Oops mode in which the Java heap is
#     placed in the first 4GB address space. The Java Heap base address is the
#     maximum limit for the native heap growth. Please use -XX:HeapBaseMinAddress
#     to set the Java Heap base and to place the Java Heap above 4GB virtual address.
# This output file may be truncated or incomplete.
#
#  Out of Memory Error (./src/hotspot/share/memory/arena.cpp:197), pid=3208, tid=9684
#
# JRE version: OpenJDK Runtime Environment (11.0.7+10) (build 11.0.7+10)
# Java VM: OpenJDK 64-Bit Server VM (11.0.7+10, mixed mode, tiered, compressed oops, g1 gc, windows-amd64)
# No core dump will be written. Minidumps are not enabled by default on client versions of Windows
#

---------------  S U M M A R Y ------------

Command Line: -Dfile.encoding=UTF-8 com.tts.weatherapp.DemoApplication

Host: Intel(R) Core(TM) i5-4310U CPU @ 2.00GHz, 4 cores, 7G,  Windows 10 , 64 bit Build 18362 (10.0.18362.959)
Time: Mon Aug  3 16:49:56 2020 Eastern Daylight Time elapsed time: 43 seconds (0d 0h 0m 43s)

---------------  T H R E A D  ---------------

Current thread (0x0000021136f17000):  JavaThread "C2 CompilerThread0" daemon [_thread_in_native, id=9684, stack(0x00000042d4900000,0x00000042d4a00000)]


Current CompileTask:
C2:  43519 4977       4       jdk.internal.loader.BuiltinClassLoader::defineClass (121 bytes)

Stack: [0x00000042d4900000,0x00000042d4a00000]
Native frames: (J=compiled Java code, j=interpreted, Vv=VM code, C=native code)
V  [jvm.dll+0x5dec5a]
V  [jvm.dll+0x71671e]
V  [jvm.dll+0x717def]
V  [jvm.dll+0x7184b3]
V  [jvm.dll+0x2409b8]
V  [jvm.dll+0xb970c]
V  [jvm.dll+0xb9c9c]
V  [jvm.dll+0x345e67]
V  [jvm.dll+0x313d13]
V  [jvm.dll+0x3130fa]
V  [jvm.dll+0x1fa495]
V  [jvm.dll+0x1f964f]
V  [jvm.dll+0x17e11c]
V  [jvm.dll+0x208a97]
V  [jvm.dll+0x206c7b]
V  [jvm.dll+0x6db519]
V  [jvm.dll+0x6d47b4]
V  [jvm.dll+0x5ddbe6]
C  [ucrtbase.dll+0x20e82]
C  [KERNEL32.DLL+0x17bd4]
C  [ntdll.dll+0x6ce51]


---------------  P R O C E S S  ---------------

Threads class SMR info:
_java_thread_list=0x000002113caac9d0, length=33, elements={
0x0000021136ef9800, 0x0000021136f05000, 0x0000021137872800, 0x0000021137873800,
0x0000021136f17000, 0x0000021136f20800, 0x0000021136f24800, 0x00000211379cd800,
0x00000211379dc800, 0x000002113c7fc800, 0x000002113c3df000, 0x000002113d76f800,
0x000002113a9be000, 0x000002113c564800, 0x000002113dc94000, 0x000002113e0f3000,
0x000002113e0f4000, 0x000002113e0f2000, 0x000002113e0f1800, 0x000002113c7fe000,
0x000002113c800800, 0x000002113c7ff000, 0x000002113c7ff800, 0x000002113c801000,
0x000002113c802000, 0x000002113c803000, 0x000002113c7fd000, 0x000002113c803800,
0x000002113c805800, 0x000002113c808800, 0x000002113c806000, 0x0000021138e71800,
0x000002113c807000
}

Java Threads: ( => current thread )
  0x0000021136ef9800 JavaThread "Reference Handler" daemon [_thread_blocked, id=4448, stack(0x00000042d4500000,0x00000042d4600000)]
  0x0000021136f05000 JavaThread "Finalizer" daemon [_thread_blocked, id=1532, stack(0x00000042d4600000,0x00000042d4700000)]
  0x0000021137872800 JavaThread "Signal Dispatcher" daemon [_thread_blocked, id=5056, stack(0x00000042d4700000,0x00000042d4800000)]
  0x0000021137873800 JavaThread "Attach Listener" daemon [_thread_blocked, id=13352, stack(0x00000042d4800000,0x00000042d4900000)]
=>0x0000021136f17000 JavaThread "C2 CompilerThread0" daemon [_thread_in_native, id=9684, stack(0x00000042d4900000,0x00000042d4a00000)]
  0x0000021136f20800 JavaThread "C1 CompilerThread0" daemon [_thread_blocked, id=11816, stack(0x00000042d4a00000,0x00000042d4b00000)]
  0x0000021136f24800 JavaThread "Sweeper thread" daemon [_thread_blocked, id=6240, stack(0x00000042d4b00000,0x00000042d4c00000)]
  0x00000211379cd800 JavaThread "Service Thread" daemon [_thread_blocked, id=14156, stack(0x00000042d4c00000,0x00000042d4d00000)]
  0x00000211379dc800 JavaThread "Common-Cleaner" daemon [_thread_blocked, id=7308, stack(0x00000042d4e00000,0x00000042d4f00000)]
  0x000002113c7fc800 JavaThread "HikariPool-1 housekeeper" daemon [_thread_blocked, id=13412, stack(0x00000042d5500000,0x00000042d5600000)]
  0x000002113c3df000 JavaThread "Catalina-utility-1" [_thread_blocked, id=7804, stack(0x00000042d5700000,0x00000042d5800000)]
  0x000002113d76f800 JavaThread "Catalina-utility-2" [_thread_blocked, id=9632, stack(0x00000042d5800000,0x00000042d5900000)]
  0x000002113a9be000 JavaThread "container-0" [_thread_blocked, id=1776, stack(0x00000042d5900000,0x00000042d5a00000)]
  0x000002113c564800 JavaThread "task-1" [_thread_blocked, id=4280, stack(0x00000042d5a00000,0x00000042d5b00000)]
  0x000002113dc94000 JavaThread "File Watcher" daemon [_thread_blocked, id=8876, stack(0x00000042d5b00000,0x00000042d5c00000)]
  0x000002113e0f3000 JavaThread "Live Reload Server" daemon [_thread_in_native, id=9396, stack(0x00000042d5d00000,0x00000042d5e00000)]
  0x000002113e0f4000 JavaThread "http-nio-8080-BlockPoller" daemon [_thread_in_native, id=13072, stack(0x00000042d5c00000,0x00000042d5d00000)]
  0x000002113e0f2000 JavaThread "http-nio-8080-exec-1" daemon [_thread_blocked, id=9520, stack(0x00000042d5e00000,0x00000042d5f00000)]
  0x000002113e0f1800 JavaThread "http-nio-8080-exec-2" daemon [_thread_blocked, id=8456, stack(0x00000042d5f00000,0x00000042d6000000)]
  0x000002113c7fe000 JavaThread "http-nio-8080-exec-3" daemon [_thread_in_Java, id=9884, stack(0x00000042d6000000,0x00000042d6100000)]
  0x000002113c800800 JavaThread "http-nio-8080-exec-4" daemon [_thread_blocked, id=1688, stack(0x00000042d6100000,0x00000042d6200000)]
  0x000002113c7ff000 JavaThread "http-nio-8080-exec-5" daemon [_thread_blocked, id=12464, stack(0x00000042d6200000,0x00000042d6300000)]
  0x000002113c7ff800 JavaThread "http-nio-8080-exec-6" daemon [_thread_blocked, id=5784, stack(0x00000042d6300000,0x00000042d6400000)]
  0x000002113c801000 JavaThread "http-nio-8080-exec-7" daemon [_thread_blocked, id=13824, stack(0x00000042d6400000,0x00000042d6500000)]
  0x000002113c802000 JavaThread "http-nio-8080-exec-8" daemon [_thread_blocked, id=4472, stack(0x00000042d6500000,0x00000042d6600000)]
  0x000002113c803000 JavaThread "http-nio-8080-exec-9" daemon [_thread_blocked, id=10460, stack(0x00000042d6600000,0x00000042d6700000)]
  0x000002113c7fd000 JavaThread "http-nio-8080-exec-10" daemon [_thread_blocked, id=12944, stack(0x00000042d6700000,0x00000042d6800000)]
  0x000002113c803800 JavaThread "http-nio-8080-ClientPoller" daemon [_thread_in_native, id=13852, stack(0x00000042d6800000,0x00000042d6900000)]
  0x000002113c805800 JavaThread "http-nio-8080-Acceptor" daemon [_thread_in_native, id=5204, stack(0x00000042d6900000,0x00000042d6a00000)]
  0x000002113c808800 JavaThread "task-2" [_thread_blocked, id=6312, stack(0x00000042d6a00000,0x00000042d6b00000)]
  0x000002113c806000 JavaThread "DestroyJavaVM" [_thread_blocked, id=9552, stack(0x00000042d3e00000,0x00000042d3f00000)]
  0x0000021138e71800 JavaThread "C2 CompilerThread1" daemon [_thread_in_native, id=6844, stack(0x00000042d5300000,0x00000042d5400000)]
  0x000002113c807000 JavaThread "Keep-Alive-Timer" daemon [_thread_blocked, id=2940, stack(0x00000042d5600000,0x00000042d5700000)]

Other Threads:
  0x0000021136ed3800 VMThread "VM Thread" [stack: 0x00000042d4400000,0x00000042d4500000] [id=9452]
  0x00000211379ce800 WatcherThread [stack: 0x00000042d4d00000,0x00000042d4e00000] [id=3376]
  0x0000021118851800 GCTaskThread "GC Thread#0" [stack: 0x00000042d3f00000,0x00000042d4000000] [id=1212]
  0x00000211385f9800 GCTaskThread "GC Thread#1" [stack: 0x00000042d5000000,0x00000042d5100000] [id=12056]
  0x00000211385fa000 GCTaskThread "GC Thread#2" [stack: 0x00000042d5100000,0x00000042d5200000] [id=13388]
  0x00000211385fb000 GCTaskThread "GC Thread#3" [stack: 0x00000042d5400000,0x00000042d5500000] [id=5856]
  0x0000021118883800 ConcurrentGCThread "G1 Main Marker" [stack: 0x00000042d4000000,0x00000042d4100000] [id=9164]
  0x0000021118886000 ConcurrentGCThread "G1 Conc#0" [stack: 0x00000042d4100000,0x00000042d4200000] [id=12844]
  0x00000211188f6800 ConcurrentGCThread "G1 Refine#0" [stack: 0x00000042d4200000,0x00000042d4300000] [id=7096]
  0x0000021136d40800 ConcurrentGCThread "G1 Young RemSet Sampling" [stack: 0x00000042d4300000,0x00000042d4400000] [id=5348]

Threads with active compile tasks:
C2 CompilerThread0  43551 4977       4       jdk.internal.loader.BuiltinClassLoader::defineClass (121 bytes)
C2 CompilerThread1  43551 4993   !   4       jdk.internal.loader.BuiltinClassLoader::findClassOnClassPathOrNull (64 bytes)

VM state:not at safepoint (normal execution)

VM Mutex/Monitor currently owned by a thread: None

Heap address: 0x0000000081600000, size: 2026 MB, Compressed Oops mode: 32-bit
Narrow klass base: 0x0000000000000000, Narrow klass shift: 3
Compressed class space size: 1073741824 Address: 0x0000000100000000

Heap:
 garbage-first heap   total 189440K, used 82290K [0x0000000081600000, 0x0000000100000000)
  region size 1024K, 70 young (71680K), 9 survivors (9216K)
 Metaspace       used 68711K, capacity 70260K, committed 70440K, reserved 1110016K
  class space    used 8647K, capacity 9251K, committed 9356K, reserved 1048576K
Heap Regions: E=young(eden), S=young(survivor), O=old, HS=humongous(starts), HC=humongous(continues), CS=collection set, F=free, A=archive, TAMS=top-at-mark-start (previous, next)
|   0|0x0000000081600000, 0x0000000081700000, 0x0000000081700000|100%|HS|  |TAMS 0x0000000081700000, 0x0000000081600000| Complete 
|   1|0x0000000081700000, 0x0000000081800000, 0x0000000081800000|100%| O|  |TAMS 0x0000000081800000, 0x0000000081700000| Untracked 
|   2|0x0000000081800000, 0x0000000081900000, 0x0000000081900000|100%| O|  |TAMS 0x0000000081900000, 0x0000000081800000| Untracked 
|   3|0x0000000081900000, 0x0000000081a00000, 0x0000000081a00000|100%| O|  |TAMS 0x0000000081a00000, 0x0000000081900000| Untracked 
|   4|0x0000000081a00000, 0x0000000081b00000, 0x0000000081b00000|100%| O|  |TAMS 0x0000000081b00000, 0x0000000081a00000| Untracked 
|   5|0x0000000081b00000, 0x0000000081c00000, 0x0000000081c00000|100%| O|  |TAMS 0x0000000081c00000, 0x0000000081b00000| Untracked 
|   6|0x0000000081c00000, 0x0000000081d00000, 0x0000000081d00000|100%| O|  |TAMS 0x0000000081d00000, 0x0000000081c00000| Untracked 
|   7|0x0000000081d00000, 0x0000000081e00000, 0x0000000081e00000|100%| O|  |TAMS 0x0000000081e00000, 0x0000000081d00000| Untracked 
|   8|0x0000000081e00000, 0x0000000081f00000, 0x0000000081f00000|100%| O|  |TAMS 0x0000000081f00000, 0x0000000081e00000| Untracked 
|   9|0x0000000081f00000, 0x0000000082000000, 0x0000000082000000|100%| O|  |TAMS 0x0000000082000000, 0x0000000081f00000| Untracked 
|  10|0x0000000082000000, 0x0000000082100000, 0x0000000082100000|100%| O|  |TAMS 0x0000000082100000, 0x0000000082000000| Untracked 
|  11|0x0000000082100000, 0x0000000082200000, 0x0000000082200000|100%| O|  |TAMS 0x0000000082200000, 0x0000000082100000| Untracked 
|  12|0x0000000082200000, 0x00000000822e8400, 0x0000000082300000| 90%| O|  |TAMS 0x00000000822e8400, 0x0000000082200000| Untracked 
|  13|0x0000000082300000, 0x0000000082300000, 0x0000000082400000|  0%| F|  |TAMS 0x0000000082300000, 0x0000000082300000| Untracked 
|  14|0x0000000082400000, 0x0000000082400000, 0x0000000082500000|  0%| F|  |TAMS 0x0000000082400000, 0x0000000082400000| Untracked 
|  15|0x0000000082500000, 0x0000000082500000, 0x0000000082600000|  0%| F|  |TAMS 0x0000000082500000, 0x0000000082500000| Untracked 
|  16|0x0000000082600000, 0x0000000082600000, 0x0000000082700000|  0%| F|  |TAMS 0x0000000082600000, 0x0000000082600000| Untracked 
|  17|0x0000000082700000, 0x0000000082700000, 0x0000000082800000|  0%| F|  |TAMS 0x0000000082700000, 0x0000000082700000| Untracked 
|  18|0x0000000082800000, 0x0000000082800000, 0x0000000082900000|  0%| F|  |TAMS 0x0000000082800000, 0x0000000082800000| Untracked 
|  19|0x0000000082900000, 0x0000000082900000, 0x0000000082a00000|  0%| F|  |TAMS 0x0000000082900000, 0x0000000082900000| Untracked 
|  20|0x0000000082a00000, 0x0000000082a00000, 0x0000000082b00000|  0%| F|  |TAMS 0x0000000082a00000, 0x0000000082a00000| Untracked 
|  21|0x0000000082b00000, 0x0000000082b00000, 0x0000000082c00000|  0%| F|  |TAMS 0x0000000082b00000, 0x0000000082b00000| Untracked 
|  22|0x0000000082c00000, 0x0000000082c00000, 0x0000000082d00000|  0%| F|  |TAMS 0x0000000082c00000, 0x0000000082c00000| Untracked 
|  23|0x0000000082d00000, 0x0000000082d00000, 0x0000000082e00000|  0%| F|  |TAMS 0x0000000082d00000, 0x0000000082d00000| Untracked 
|  24|0x0000000082e00000, 0x0000000082e00000, 0x0000000082f00000|  0%| F|  |TAMS 0x0000000082e00000, 0x0000000082e00000| Untracked 
|  25|0x0000000082f00000, 0x0000000082f00000, 0x0000000083000000|  0%| F|  |TAMS 0x0000000082f00000, 0x0000000082f00000| Untracked 
|  26|0x0000000083000000, 0x0000000083000000, 0x0000000083100000|  0%| F|  |TAMS 0x0000000083000000, 0x0000000083000000| Untracked 
|  27|0x0000000083100000, 0x0000000083100000, 0x0000000083200000|  0%| F|  |TAMS 0x0000000083100000, 0x0000000083100000| Untracked 
|  28|0x0000000083200000, 0x0000000083200000, 0x0000000083300000|  0%| F|  |TAMS 0x0000000083200000, 0x0000000083200000| Untracked 
|  29|0x0000000083300000, 0x0000000083300000, 0x0000000083400000|  0%| F|  |TAMS 0x0000000083300000, 0x0000000083300000| Untracked 
|  30|0x0000000083400000, 0x0000000083400000, 0x0000000083500000|  0%| F|  |TAMS 0x0000000083400000, 0x0000000083400000| Untracked 
|  31|0x0000000083500000, 0x0000000083500000, 0x0000000083600000|  0%| F|  |TAMS 0x0000000083500000, 0x0000000083500000| Untracked 
|  32|0x0000000083600000, 0x0000000083600000, 0x0000000083700000|  0%| F|  |TAMS 0x0000000083600000, 0x0000000083600000| Untracked 
|  33|0x0000000083700000, 0x0000000083700000, 0x0000000083800000|  0%| F|  |TAMS 0x0000000083700000, 0x0000000083700000| Untracked 
|  34|0x0000000083800000, 0x0000000083800000, 0x0000000083900000|  0%| F|  |TAMS 0x0000000083800000, 0x0000000083800000| Untracked 
|  35|0x0000000083900000, 0x0000000083900000, 0x0000000083a00000|  0%| F|  |TAMS 0x0000000083900000, 0x0000000083900000| Untracked 
|  36|0x0000000083a00000, 0x0000000083a00000, 0x0000000083b00000|  0%| F|  |TAMS 0x0000000083a00000, 0x0000000083a00000| Untracked 
|  37|0x0000000083b00000, 0x0000000083b00000, 0x0000000083c00000|  0%| F|  |TAMS 0x0000000083b00000, 0x0000000083b00000| Untracked 
|  38|0x0000000083c00000, 0x0000000083c00000, 0x0000000083d00000|  0%| F|  |TAMS 0x0000000083c00000, 0x0000000083c00000| Untracked 
|  39|0x0000000083d00000, 0x0000000083d00000, 0x0000000083e00000|  0%| F|  |TAMS 0x0000000083d00000, 0x0000000083d00000| Untracked 
|  40|0x0000000083e00000, 0x0000000083e00000, 0x0000000083f00000|  0%| F|  |TAMS 0x0000000083e00000, 0x0000000083e00000| Untracked 
|  41|0x0000000083f00000, 0x0000000083f00000, 0x0000000084000000|  0%| F|  |TAMS 0x0000000083f00000, 0x0000000083f00000| Untracked 
|  42|0x0000000084000000, 0x0000000084000000, 0x0000000084100000|  0%| F|  |TAMS 0x0000000084000000, 0x0000000084000000| Untracked 
|  43|0x0000000084100000, 0x0000000084100000, 0x0000000084200000|  0%| F|  |TAMS 0x0000000084100000, 0x0000000084100000| Untracked 
|  44|0x0000000084200000, 0x0000000084200000, 0x0000000084300000|  0%| F|  |TAMS 0x0000000084200000, 0x0000000084200000| Untracked 
|  45|0x0000000084300000, 0x0000000084300000, 0x0000000084400000|  0%| F|  |TAMS 0x0000000084300000, 0x0000000084300000| Untracked 
|  46|0x0000000084400000, 0x0000000084400000, 0x0000000084500000|  0%| F|  |TAMS 0x0000000084400000, 0x0000000084400000| Untracked 
|  47|0x0000000084500000, 0x0000000084500000, 0x0000000084600000|  0%| F|  |TAMS 0x0000000084500000, 0x0000000084500000| Untracked 
|  48|0x0000000084600000, 0x0000000084600000, 0x0000000084700000|  0%| F|  |TAMS 0x0000000084600000, 0x0000000084600000| Untracked 
|  49|0x0000000084700000, 0x0000000084700000, 0x0000000084800000|  0%| F|  |TAMS 0x0000000084700000, 0x0000000084700000| Untracked 
|  50|0x0000000084800000, 0x0000000084800000, 0x0000000084900000|  0%| F|  |TAMS 0x0000000084800000, 0x0000000084800000| Untracked 
|  51|0x0000000084900000, 0x0000000084900000, 0x0000000084a00000|  0%| F|  |TAMS 0x0000000084900000, 0x0000000084900000| Untracked 
|  52|0x0000000084a00000, 0x0000000084a00000, 0x0000000084b00000|  0%| F|  |TAMS 0x0000000084a00000, 0x0000000084a00000| Untracked 
|  53|0x0000000084b00000, 0x0000000084b00000, 0x0000000084c00000|  0%| F|  |TAMS 0x0000000084b00000, 0x0000000084b00000| Untracked 
|  54|0x0000000084c00000, 0x0000000084c00000, 0x0000000084d00000|  0%| F|  |TAMS 0x0000000084c00000, 0x0000000084c00000| Untracked 
|  55|0x0000000084d00000, 0x0000000084d00000, 0x0000000084e00000|  0%| F|  |TAMS 0x0000000084d00000, 0x0000000084d00000| Untracked 
|  56|0x0000000084e00000, 0x0000000084e00000, 0x0000000084f00000|  0%| F|  |TAMS 0x0000000084e00000, 0x0000000084e00000| Untracked 
|  57|0x0000000084f00000, 0x0000000084f00000, 0x0000000085000000|  0%| F|  |TAMS 0x0000000084f00000, 0x0000000084f00000| Untracked 
|  58|0x0000000085000000, 0x0000000085000000, 0x0000000085100000|  0%| F|  |TAMS 0x0000000085000000, 0x0000000085000000| Untracked 
|  59|0x0000000085100000, 0x0000000085100000, 0x0000000085200000|  0%| F|  |TAMS 0x0000000085100000, 0x0000000085100000| Untracked 
|  60|0x0000000085200000, 0x0000000085200000, 0x0000000085300000|  0%| F|  |TAMS 0x0000000085200000, 0x0000000085200000| Untracked 
|  61|0x0000000085300000, 0x0000000085300000, 0x0000000085400000|  0%| F|  |TAMS 0x0000000085300000, 0x0000000085300000| Untracked 
|  62|0x0000000085400000, 0x0000000085400000, 0x0000000085500000|  0%| F|  |TAMS 0x0000000085400000, 0x0000000085400000| Untracked 
|  63|0x0000000085500000, 0x0000000085500000, 0x0000000085600000|  0%| F|  |TAMS 0x0000000085500000, 0x0000000085500000| Untracked 
|  64|0x0000000085600000, 0x0000000085600000, 0x0000000085700000|  0%| F|  |TAMS 0x0000000085600000, 0x0000000085600000| Untracked 
|  65|0x0000000085700000, 0x0000000085700000, 0x0000000085800000|  0%| F|  |TAMS 0x0000000085700000, 0x0000000085700000| Untracked 
|  66|0x0000000085800000, 0x0000000085800000, 0x0000000085900000|  0%| F|  |TAMS 0x0000000085800000, 0x0000000085800000| Untracked 
|  67|0x0000000085900000, 0x0000000085900000, 0x0000000085a00000|  0%| F|  |TAMS 0x0000000085900000, 0x0000000085900000| Untracked 
|  68|0x0000000085a00000, 0x0000000085a00000, 0x0000000085b00000|  0%| F|  |TAMS 0x0000000085a00000, 0x0000000085a00000| Untracked 
|  69|0x0000000085b00000, 0x0000000085b00000, 0x0000000085c00000|  0%| F|  |TAMS 0x0000000085b00000, 0x0000000085b00000| Untracked 
|  70|0x0000000085c00000, 0x0000000085c00000, 0x0000000085d00000|  0%| F|  |TAMS 0x0000000085c00000, 0x0000000085c00000| Untracked 
|  71|0x0000000085d00000, 0x0000000085d00000, 0x0000000085e00000|  0%| F|  |TAMS 0x0000000085d00000, 0x0000000085d00000| Untracked 
|  72|0x0000000085e00000, 0x0000000085e00000, 0x0000000085f00000|  0%| F|  |TAMS 0x0000000085e00000, 0x0000000085e00000| Untracked 
|  73|0x0000000085f00000, 0x0000000085f00000, 0x0000000086000000|  0%| F|  |TAMS 0x0000000085f00000, 0x0000000085f00000| Untracked 
|  74|0x0000000086000000, 0x0000000086000000, 0x0000000086100000|  0%| F|  |TAMS 0x0000000086000000, 0x0000000086000000| Untracked 
|  75|0x0000000086100000, 0x0000000086100000, 0x0000000086200000|  0%| F|  |TAMS 0x0000000086100000, 0x0000000086100000| Untracked 
|  76|0x0000000086200000, 0x0000000086200000, 0x0000000086300000|  0%| F|  |TAMS 0x0000000086200000, 0x0000000086200000| Untracked 
|  77|0x0000000086300000, 0x0000000086300000, 0x0000000086400000|  0%| F|  |TAMS 0x0000000086300000, 0x0000000086300000| Untracked 
|  78|0x0000000086400000, 0x0000000086400000, 0x0000000086500000|  0%| F|  |TAMS 0x0000000086400000, 0x0000000086400000| Untracked 
|  79|0x0000000086500000, 0x0000000086500000, 0x0000000086600000|  0%| F|  |TAMS 0x0000000086500000, 0x0000000086500000| Untracked 
|  80|0x0000000086600000, 0x0000000086600000, 0x0000000086700000|  0%| F|  |TAMS 0x0000000086600000, 0x0000000086600000| Untracked 
|  81|0x0000000086700000, 0x0000000086700000, 0x0000000086800000|  0%| F|  |TAMS 0x0000000086700000, 0x0000000086700000| Untracked 
|  82|0x0000000086800000, 0x0000000086800000, 0x0000000086900000|  0%| F|  |TAMS 0x0000000086800000, 0x0000000086800000| Untracked 
|  83|0x0000000086900000, 0x0000000086900000, 0x0000000086a00000|  0%| F|  |TAMS 0x0000000086900000, 0x0000000086900000| Untracked 
|  84|0x0000000086a00000, 0x0000000086a00000, 0x0000000086b00000|  0%| F|  |TAMS 0x0000000086a00000, 0x0000000086a00000| Untracked 
|  85|0x0000000086b00000, 0x0000000086b00000, 0x0000000086c00000|  0%| F|  |TAMS 0x0000000086b00000, 0x0000000086b00000| Untracked 
|  86|0x0000000086c00000, 0x0000000086c00000, 0x0000000086d00000|  0%| F|  |TAMS 0x0000000086c00000, 0x0000000086c00000| Untracked 
|  87|0x0000000086d00000, 0x0000000086d00000, 0x0000000086e00000|  0%| F|  |TAMS 0x0000000086d00000, 0x0000000086d00000| Untracked 
|  88|0x0000000086e00000, 0x0000000086e00000, 0x0000000086f00000|  0%| F|  |TAMS 0x0000000086e00000, 0x0000000086e00000| Untracked 
|  89|0x0000000086f00000, 0x0000000086f00000, 0x0000000087000000|  0%| F|  |TAMS 0x0000000086f00000, 0x0000000086f00000| Untracked 
|  90|0x0000000087000000, 0x0000000087000000, 0x0000000087100000|  0%| F|  |TAMS 0x0000000087000000, 0x0000000087000000| Untracked 
|  91|0x0000000087100000, 0x0000000087100000, 0x0000000087200000|  0%| F|  |TAMS 0x0000000087100000, 0x0000000087100000| Untracked 
|  92|0x0000000087200000, 0x0000000087200000, 0x0000000087300000|  0%| F|  |TAMS 0x0000000087200000, 0x0000000087200000| Untracked 
|  93|0x0000000087300000, 0x0000000087300000, 0x0000000087400000|  0%| F|  |TAMS 0x0000000087300000, 0x0000000087300000| Untracked 
|  94|0x0000000087400000, 0x0000000087400000, 0x0000000087500000|  0%| F|  |TAMS 0x0000000087400000, 0x0000000087400000| Untracked 
|  95|0x0000000087500000, 0x0000000087500000, 0x0000000087600000|  0%| F|  |TAMS 0x0000000087500000, 0x0000000087500000| Untracked 
|  96|0x0000000087600000, 0x0000000087600000, 0x0000000087700000|  0%| F|  |TAMS 0x0000000087600000, 0x0000000087600000| Untracked 
|  97|0x0000000087700000, 0x00000000877747a8, 0x0000000087800000| 45%| S|CS|TAMS 0x0000000087700000, 0x0000000087700000| Complete 
|  98|0x0000000087800000, 0x0000000087900000, 0x0000000087900000|100%| S|CS|TAMS 0x0000000087800000, 0x0000000087800000| Complete 
|  99|0x0000000087900000, 0x0000000087a00000, 0x0000000087a00000|100%| S|CS|TAMS 0x0000000087900000, 0x0000000087900000| Complete 
| 100|0x0000000087a00000, 0x0000000087b00000, 0x0000000087b00000|100%| S|CS|TAMS 0x0000000087a00000, 0x0000000087a00000| Complete 
| 101|0x0000000087b00000, 0x0000000087c00000, 0x0000000087c00000|100%| S|CS|TAMS 0x0000000087b00000, 0x0000000087b00000| Complete 
| 102|0x0000000087c00000, 0x0000000087d00000, 0x0000000087d00000|100%| S|CS|TAMS 0x0000000087c00000, 0x0000000087c00000| Complete 
| 103|0x0000000087d00000, 0x0000000087e00000, 0x0000000087e00000|100%| S|CS|TAMS 0x0000000087d00000, 0x0000000087d00000| Complete 
| 104|0x0000000087e00000, 0x0000000087f00000, 0x0000000087f00000|100%| S|CS|TAMS 0x0000000087e00000, 0x0000000087e00000| Complete 
| 105|0x0000000087f00000, 0x0000000088000000, 0x0000000088000000|100%| S|CS|TAMS 0x0000000087f00000, 0x0000000087f00000| Complete 
| 106|0x0000000088000000, 0x0000000088000000, 0x0000000088100000|  0%| F|  |TAMS 0x0000000088000000, 0x0000000088000000| Untracked 
| 107|0x0000000088100000, 0x0000000088100000, 0x0000000088200000|  0%| F|  |TAMS 0x0000000088100000, 0x0000000088100000| Untracked 
| 108|0x0000000088200000, 0x0000000088200000, 0x0000000088300000|  0%| F|  |TAMS 0x0000000088200000, 0x0000000088200000| Untracked 
| 109|0x0000000088300000, 0x0000000088300000, 0x0000000088400000|  0%| F|  |TAMS 0x0000000088300000, 0x0000000088300000| Untracked 
| 110|0x0000000088400000, 0x0000000088400000, 0x0000000088500000|  0%| F|  |TAMS 0x0000000088400000, 0x0000000088400000| Untracked 
| 111|0x0000000088500000, 0x0000000088500000, 0x0000000088600000|  0%| F|  |TAMS 0x0000000088500000, 0x0000000088500000| Untracked 
| 112|0x0000000088600000, 0x0000000088600000, 0x0000000088700000|  0%| F|  |TAMS 0x0000000088600000, 0x0000000088600000| Untracked 
| 113|0x0000000088700000, 0x0000000088700000, 0x0000000088800000|  0%| F|  |TAMS 0x0000000088700000, 0x0000000088700000| Untracked 
| 114|0x0000000088800000, 0x0000000088800000, 0x0000000088900000|  0%| F|  |TAMS 0x0000000088800000, 0x0000000088800000| Untracked 
| 115|0x0000000088900000, 0x0000000088900000, 0x0000000088a00000|  0%| F|  |TAMS 0x0000000088900000, 0x0000000088900000| Untracked 
| 116|0x0000000088a00000, 0x0000000088a00000, 0x0000000088b00000|  0%| F|  |TAMS 0x0000000088a00000, 0x0000000088a00000| Untracked 
| 117|0x0000000088b00000, 0x0000000088b00000, 0x0000000088c00000|  0%| F|  |TAMS 0x0000000088b00000, 0x0000000088b00000| Untracked 
| 118|0x0000000088c00000, 0x0000000088c00000, 0x0000000088d00000|  0%| F|  |TAMS 0x0000000088c00000, 0x0000000088c00000| Untracked 
| 119|0x0000000088d00000, 0x0000000088d00000, 0x0000000088e00000|  0%| F|  |TAMS 0x0000000088d00000, 0x0000000088d00000| Untracked 
| 120|0x0000000088e00000, 0x0000000088e00000, 0x0000000088f00000|  0%| F|  |TAMS 0x0000000088e00000, 0x0000000088e00000| Untracked 
| 121|0x0000000088f00000, 0x0000000088f00000, 0x0000000089000000|  0%| F|  |TAMS 0x0000000088f00000, 0x0000000088f00000| Untracked 
| 122|0x0000000089000000, 0x0000000089000000, 0x0000000089100000|  0%| F|  |TAMS 0x0000000089000000, 0x0000000089000000| Untracked 
| 123|0x0000000089100000, 0x0000000089100000, 0x0000000089200000|  0%| F|  |TAMS 0x0000000089100000, 0x0000000089100000| Untracked 
| 124|0x0000000089200000, 0x000000008924d538, 0x0000000089300000| 30%| E|  |TAMS 0x0000000089200000, 0x0000000089200000| Complete 
| 125|0x0000000089300000, 0x0000000089400000, 0x0000000089400000|100%| E|CS|TAMS 0x0000000089300000, 0x0000000089300000| Complete 
| 126|0x0000000089400000, 0x0000000089500000, 0x0000000089500000|100%| E|CS|TAMS 0x0000000089400000, 0x0000000089400000| Complete 
| 127|0x0000000089500000, 0x0000000089600000, 0x0000000089600000|100%| E|CS|TAMS 0x0000000089500000, 0x0000000089500000| Complete 
| 128|0x0000000089600000, 0x0000000089700000, 0x0000000089700000|100%| E|CS|TAMS 0x0000000089600000, 0x0000000089600000| Complete 
| 129|0x0000000089700000, 0x0000000089800000, 0x0000000089800000|100%| E|CS|TAMS 0x0000000089700000, 0x0000000089700000| Complete 
| 130|0x0000000089800000, 0x0000000089900000, 0x0000000089900000|100%| E|CS|TAMS 0x0000000089800000, 0x0000000089800000| Complete 
| 131|0x0000000089900000, 0x0000000089a00000, 0x0000000089a00000|100%| E|CS|TAMS 0x0000000089900000, 0x0000000089900000| Complete 
| 132|0x0000000089a00000, 0x0000000089b00000, 0x0000000089b00000|100%| E|CS|TAMS 0x0000000089a00000, 0x0000000089a00000| Complete 
| 133|0x0000000089b00000, 0x0000000089c00000, 0x0000000089c00000|100%| E|CS|TAMS 0x0000000089b00000, 0x0000000089b00000| Complete 
| 134|0x0000000089c00000, 0x0000000089d00000, 0x0000000089d00000|100%| E|CS|TAMS 0x0000000089c00000, 0x0000000089c00000| Complete 
| 135|0x0000000089d00000, 0x0000000089e00000, 0x0000000089e00000|100%| E|CS|TAMS 0x0000000089d00000, 0x0000000089d00000| Complete 
| 136|0x0000000089e00000, 0x0000000089f00000, 0x0000000089f00000|100%| E|CS|TAMS 0x0000000089e00000, 0x0000000089e00000| Complete 
| 137|0x0000000089f00000, 0x000000008a000000, 0x000000008a000000|100%| E|CS|TAMS 0x0000000089f00000, 0x0000000089f00000| Complete 
| 138|0x000000008a000000, 0x000000008a100000, 0x000000008a100000|100%| E|CS|TAMS 0x000000008a000000, 0x000000008a000000| Complete 
| 139|0x000000008a100000, 0x000000008a200000, 0x000000008a200000|100%| E|CS|TAMS 0x000000008a100000, 0x000000008a100000| Complete 
| 140|0x000000008a200000, 0x000000008a300000, 0x000000008a300000|100%| E|CS|TAMS 0x000000008a200000, 0x000000008a200000| Complete 
| 141|0x000000008a300000, 0x000000008a400000, 0x000000008a400000|100%| E|CS|TAMS 0x000000008a300000, 0x000000008a300000| Complete 
| 142|0x000000008a400000, 0x000000008a500000, 0x000000008a500000|100%| E|CS|TAMS 0x000000008a400000, 0x000000008a400000| Complete 
| 143|0x000000008a500000, 0x000000008a600000, 0x000000008a600000|100%| E|CS|TAMS 0x000000008a500000, 0x000000008a500000| Complete 
| 144|0x000000008a600000, 0x000000008a700000, 0x000000008a700000|100%| E|CS|TAMS 0x000000008a600000, 0x000000008a600000| Complete 
| 145|0x000000008a700000, 0x000000008a800000, 0x000000008a800000|100%| E|CS|TAMS 0x000000008a700000, 0x000000008a700000| Complete 
| 146|0x000000008a800000, 0x000000008a900000, 0x000000008a900000|100%| E|CS|TAMS 0x000000008a800000, 0x000000008a800000| Complete 
| 147|0x000000008a900000, 0x000000008aa00000, 0x000000008aa00000|100%| E|CS|TAMS 0x000000008a900000, 0x000000008a900000| Complete 
| 148|0x000000008aa00000, 0x000000008ab00000, 0x000000008ab00000|100%| E|CS|TAMS 0x000000008aa00000, 0x000000008aa00000| Complete 
| 149|0x000000008ab00000, 0x000000008ac00000, 0x000000008ac00000|100%| E|CS|TAMS 0x000000008ab00000, 0x000000008ab00000| Complete 
| 150|0x000000008ac00000, 0x000000008ad00000, 0x000000008ad00000|100%| E|CS|TAMS 0x000000008ac00000, 0x000000008ac00000| Complete 
| 151|0x000000008ad00000, 0x000000008ae00000, 0x000000008ae00000|100%| E|CS|TAMS 0x000000008ad00000, 0x000000008ad00000| Complete 
| 152|0x000000008ae00000, 0x000000008af00000, 0x000000008af00000|100%| E|CS|TAMS 0x000000008ae00000, 0x000000008ae00000| Complete 
| 153|0x000000008af00000, 0x000000008b000000, 0x000000008b000000|100%| E|CS|TAMS 0x000000008af00000, 0x000000008af00000| Complete 
| 154|0x000000008b000000, 0x000000008b100000, 0x000000008b100000|100%| E|CS|TAMS 0x000000008b000000, 0x000000008b000000| Complete 
| 155|0x000000008b100000, 0x000000008b200000, 0x000000008b200000|100%| E|CS|TAMS 0x000000008b100000, 0x000000008b100000| Complete 
| 156|0x000000008b200000, 0x000000008b300000, 0x000000008b300000|100%| E|CS|TAMS 0x000000008b200000, 0x000000008b200000| Complete 
| 157|0x000000008b300000, 0x000000008b400000, 0x000000008b400000|100%| E|CS|TAMS 0x000000008b300000, 0x000000008b300000| Complete 
| 158|0x000000008b400000, 0x000000008b500000, 0x000000008b500000|100%| E|CS|TAMS 0x000000008b400000, 0x000000008b400000| Complete 
| 159|0x000000008b500000, 0x000000008b600000, 0x000000008b600000|100%| E|  |TAMS 0x000000008b500000, 0x000000008b500000| Complete 
| 160|0x000000008b600000, 0x000000008b700000, 0x000000008b700000|100%| E|CS|TAMS 0x000000008b600000, 0x000000008b600000| Complete 
| 161|0x000000008b700000, 0x000000008b800000, 0x000000008b800000|100%| E|CS|TAMS 0x000000008b700000, 0x000000008b700000| Complete 
| 162|0x000000008b800000, 0x000000008b900000, 0x000000008b900000|100%| E|CS|TAMS 0x000000008b800000, 0x000000008b800000| Complete 
| 163|0x000000008b900000, 0x000000008ba00000, 0x000000008ba00000|100%| E|CS|TAMS 0x000000008b900000, 0x000000008b900000| Complete 
| 164|0x000000008ba00000, 0x000000008bb00000, 0x000000008bb00000|100%| E|CS|TAMS 0x000000008ba00000, 0x000000008ba00000| Complete 
| 165|0x000000008bb00000, 0x000000008bc00000, 0x000000008bc00000|100%| E|CS|TAMS 0x000000008bb00000, 0x000000008bb00000| Complete 
| 166|0x000000008bc00000, 0x000000008bd00000, 0x000000008bd00000|100%| E|CS|TAMS 0x000000008bc00000, 0x000000008bc00000| Complete 
| 167|0x000000008bd00000, 0x000000008be00000, 0x000000008be00000|100%| E|CS|TAMS 0x000000008bd00000, 0x000000008bd00000| Complete 
| 168|0x000000008be00000, 0x000000008bf00000, 0x000000008bf00000|100%| E|CS|TAMS 0x000000008be00000, 0x000000008be00000| Complete 
| 169|0x000000008bf00000, 0x000000008c000000, 0x000000008c000000|100%| E|CS|TAMS 0x000000008bf00000, 0x000000008bf00000| Complete 
| 170|0x000000008c000000, 0x000000008c100000, 0x000000008c100000|100%| E|CS|TAMS 0x000000008c000000, 0x000000008c000000| Complete 
| 171|0x000000008c100000, 0x000000008c200000, 0x000000008c200000|100%| E|CS|TAMS 0x000000008c100000, 0x000000008c100000| Complete 
| 172|0x000000008c200000, 0x000000008c300000, 0x000000008c300000|100%| E|CS|TAMS 0x000000008c200000, 0x000000008c200000| Complete 
| 173|0x000000008c300000, 0x000000008c400000, 0x000000008c400000|100%| E|CS|TAMS 0x000000008c300000, 0x000000008c300000| Complete 
| 174|0x000000008c400000, 0x000000008c500000, 0x000000008c500000|100%| E|CS|TAMS 0x000000008c400000, 0x000000008c400000| Complete 
| 175|0x000000008c500000, 0x000000008c600000, 0x000000008c600000|100%| E|CS|TAMS 0x000000008c500000, 0x000000008c500000| Complete 
| 176|0x000000008c600000, 0x000000008c700000, 0x000000008c700000|100%| E|CS|TAMS 0x000000008c600000, 0x000000008c600000| Complete 
| 177|0x000000008c700000, 0x000000008c800000, 0x000000008c800000|100%| E|CS|TAMS 0x000000008c700000, 0x000000008c700000| Complete 
| 178|0x000000008c800000, 0x000000008c900000, 0x000000008c900000|100%| E|CS|TAMS 0x000000008c800000, 0x000000008c800000| Complete 
| 179|0x000000008c900000, 0x000000008ca00000, 0x000000008ca00000|100%| E|CS|TAMS 0x000000008c900000, 0x000000008c900000| Complete 
| 180|0x000000008ca00000, 0x000000008cb00000, 0x000000008cb00000|100%| E|CS|TAMS 0x000000008ca00000, 0x000000008ca00000| Complete 
| 181|0x000000008cb00000, 0x000000008cc00000, 0x000000008cc00000|100%| E|CS|TAMS 0x000000008cb00000, 0x000000008cb00000| Complete 
| 182|0x000000008cc00000, 0x000000008cd00000, 0x000000008cd00000|100%| E|CS|TAMS 0x000000008cc00000, 0x000000008cc00000| Complete 
| 183|0x000000008cd00000, 0x000000008ce00000, 0x000000008ce00000|100%| E|CS|TAMS 0x000000008cd00000, 0x000000008cd00000| Complete 
| 184|0x000000008ce00000, 0x000000008cf00000, 0x000000008cf00000|100%| E|CS|TAMS 0x000000008ce00000, 0x000000008ce00000| Complete 

Card table byte_map: [0x0000021130290000,0x0000021130690000] _byte_map_base: 0x000002112fe85000

Marking Bits (Prev, Next): (CMBitMap*) 0x000002111887aee0, (CMBitMap*) 0x000002111887aea8
 Prev Bits: [0x0000021132a40000, 0x00000211349e8000)
 Next Bits: [0x0000021130a90000, 0x0000021132a38000)

Polling page: 0x0000021116560000

Metaspace:

Usage:
  Non-class:     59.58 MB capacity,    58.66 MB ( 98%) used,   745.27 KB (  1%) free+waste,   196.75 KB ( <1%) overhead. 
      Class:      9.03 MB capacity,     8.44 MB ( 93%) used,   513.41 KB (  6%) free+waste,    90.19 KB ( <1%) overhead. 
       Both:     68.61 MB capacity,    67.10 MB ( 98%) used,     1.23 MB (  2%) free+waste,   286.94 KB ( <1%) overhead. 

Virtual space:
  Non-class space:       60.00 MB reserved,      59.65 MB (>99%) committed 
      Class space:        1.00 GB reserved,       9.14 MB ( <1%) committed 
             Both:        1.06 GB reserved,      68.79 MB (  6%) committed 

Chunk freelists:
   Non-Class:  11.00 KB
       Class:  0 bytes
        Both:  11.00 KB

MaxMetaspaceSize: 17179869184.00 GB
CompressedClassSpaceSize: 1.00 GB

CodeHeap 'non-profiled nmethods': size=120064Kb used=3080Kb max_used=3080Kb free=116983Kb
 bounds [0x0000021128950000, 0x0000021128c60000, 0x000002112fe90000]
CodeHeap 'profiled nmethods': size=120000Kb used=10566Kb max_used=10566Kb free=109433Kb
 bounds [0x0000021121420000, 0x0000021121e80000, 0x0000021128950000]
CodeHeap 'non-nmethods': size=5696Kb used=1243Kb max_used=1277Kb free=4452Kb
 bounds [0x0000021120e90000, 0x0000021121100000, 0x0000021121420000]
 total_blobs=7009 nmethods=4790 adapters=533
 compilation: enabled
              stopped_count=0, restarted_count=0
 full_count=0

Compilation events (20 events):
Event: 43.075 Thread 0x0000021136f20800 4990       1       com.fasterxml.jackson.databind.JavaType::getRawClass (5 bytes)
Event: 43.075 Thread 0x0000021136f20800 nmethod 4990 0x0000021128c4d590 code [0x0000021128c4d740, 0x0000021128c4d858]
Event: 43.075 Thread 0x0000021136f20800 4991       1       com.fasterxml.jackson.databind.type.TypeBase::getBindings (5 bytes)
Event: 43.075 Thread 0x0000021136f20800 nmethod 4991 0x0000021128c4d910 code [0x0000021128c4dac0, 0x0000021128c4dbd8]
Event: 43.075 Thread 0x0000021136f20800 4992       1       com.fasterxml.jackson.databind.JavaType::getReferencedType (2 bytes)
Event: 43.075 Thread 0x0000021136f20800 nmethod 4992 0x0000021128c4dc90 code [0x0000021128c4de40, 0x0000021128c4df58]
Event: 43.190 Thread 0x0000021136f20800 4994       1       com.fasterxml.jackson.databind.type.SimpleType::isContainerType (2 bytes)
Event: 43.190 Thread 0x0000021136f20800 nmethod 4994 0x0000021128c4e010 code [0x0000021128c4e1c0, 0x0000021128c4e2d8]
Event: 43.192 Thread 0x0000021136f20800 4995       1       sun.reflect.generics.scope.AbstractScope::getRecvr (5 bytes)
Event: 43.192 Thread 0x0000021136f20800 nmethod 4995 0x0000021128c4e390 code [0x0000021128c4e540, 0x0000021128c4e658]
Event: 43.192 Thread 0x0000021136f20800 4996       1       com.fasterxml.jackson.databind.JavaType::hashCode (5 bytes)
Event: 43.192 Thread 0x0000021136f20800 nmethod 4996 0x0000021128c4e710 code [0x0000021128c4e8c0, 0x0000021128c4e9d8]
Event: 43.196 Thread 0x0000021138e71800 nmethod 4988 0x0000021128c4ea90 code [0x0000021128c4ece0, 0x0000021128c50d80]
Event: 43.196 Thread 0x0000021138e71800 4993   !   4       jdk.internal.loader.BuiltinClassLoader::findClassOnClassPathOrNull (64 bytes)
Event: 43.223 Thread 0x0000021136f20800 4997       1       com.fasterxml.jackson.databind.cfg.BaseSettings::getAnnotationIntrospector (5 bytes)
Event: 43.223 Thread 0x0000021136f20800 nmethod 4997 0x0000021128c51b10 code [0x0000021128c51cc0, 0x0000021128c51dd8]
Event: 43.224 Thread 0x0000021136f20800 4998       3       java.lang.invoke.MethodHandles::constant (87 bytes)
Event: 43.226 Thread 0x0000021136f20800 nmethod 4998 0x0000021121e65790 code [0x0000021121e65aa0, 0x0000021121e669e0]
Event: 43.234 Thread 0x0000021136f20800 4999       3       java.net.URI::match (56 bytes)
Event: 43.234 Thread 0x0000021136f20800 nmethod 4999 0x0000021121e66f10 code [0x0000021121e670e0, 0x0000021121e673f8]

GC Heap History (18 events):
Event: 0.662 GC heap before
{Heap before GC invocations=0 (full 0):
 garbage-first heap   total 131072K, used 14336K [0x0000000081600000, 0x0000000100000000)
  region size 1024K, 14 young (14336K), 0 survivors (0K)
 Metaspace       used 9054K, capacity 9240K, committed 9344K, reserved 1058816K
  class space    used 816K, capacity 868K, committed 896K, reserved 1048576K
}
Event: 0.669 GC heap after
{Heap after GC invocations=1 (full 0):
 garbage-first heap   total 131072K, used 5749K [0x0000000081600000, 0x0000000100000000)
  region size 1024K, 2 young (2048K), 2 survivors (2048K)
 Metaspace       used 9054K, capacity 9240K, committed 9344K, reserved 1058816K
  class space    used 816K, capacity 868K, committed 896K, reserved 1048576K
}
Event: 0.982 GC heap before
{Heap before GC invocations=1 (full 0):
 garbage-first heap   total 131072K, used 51829K [0x0000000081600000, 0x0000000100000000)
  region size 1024K, 48 young (49152K), 2 survivors (2048K)
 Metaspace       used 11192K, capacity 11395K, committed 11648K, reserved 1060864K
  class space    used 1073K, capacity 1142K, committed 1152K, reserved 1048576K
}
Event: 0.986 GC heap after
{Heap after GC invocations=2 (full 0):
 garbage-first heap   total 131072K, used 6200K [0x0000000081600000, 0x0000000100000000)
  region size 1024K, 3 young (3072K), 3 survivors (3072K)
 Metaspace       used 11192K, capacity 11395K, committed 11648K, reserved 1060864K
  class space    used 1073K, capacity 1142K, committed 1152K, reserved 1048576K
}
Event: 1.968 GC heap before
{Heap before GC invocations=2 (full 0):
 garbage-first heap   total 131072K, used 53304K [0x0000000081600000, 0x0000000100000000)
  region size 1024K, 50 young (51200K), 3 survivors (3072K)
 Metaspace       used 20774K, capacity 21192K, committed 21296K, reserved 1069056K
  class space    used 2256K, capacity 2431K, committed 2432K, reserved 1048576K
}
Event: 1.978 GC heap after
{Heap after GC invocations=3 (full 0):
 garbage-first heap   total 131072K, used 7896K [0x0000000081600000, 0x0000000100000000)
  region size 1024K, 5 young (5120K), 5 survivors (5120K)
 Metaspace       used 20774K, capacity 21192K, committed 21296K, reserved 1069056K
  class space    used 2256K, capacity 2431K, committed 2432K, reserved 1048576K
}
Event: 2.771 GC heap before
{Heap before GC invocations=4 (full 0):
 garbage-first heap   total 131072K, used 68312K [0x0000000081600000, 0x0000000100000000)
  region size 1024K, 65 young (66560K), 5 survivors (5120K)
 Metaspace       used 24258K, capacity 24809K, committed 24960K, reserved 1071104K
  class space    used 2696K, capacity 2929K, committed 2944K, reserved 1048576K
}
Event: 2.781 GC heap after
{Heap after GC invocations=5 (full 0):
 garbage-first heap   total 131072K, used 9373K [0x0000000081600000, 0x0000000100000000)
  region size 1024K, 6 young (6144K), 6 survivors (6144K)
 Metaspace       used 24258K, capacity 24809K, committed 24960K, reserved 1071104K
  class space    used 2696K, capacity 2929K, committed 2944K, reserved 1048576K
}
Event: 5.024 GC heap before
{Heap before GC invocations=5 (full 0):
 garbage-first heap   total 131072K, used 81053K [0x0000000081600000, 0x0000000100000000)
  region size 1024K, 76 young (77824K), 6 survivors (6144K)
 Metaspace       used 31268K, capacity 32187K, committed 32512K, reserved 1077248K
  class space    used 3627K, capacity 3980K, committed 4096K, reserved 1048576K
}
Event: 5.043 GC heap after
{Heap after GC invocations=6 (full 0):
 garbage-first heap   total 157696K, used 12686K [0x0000000081600000, 0x0000000100000000)
  region size 1024K, 7 young (7168K), 7 survivors (7168K)
 Metaspace       used 31268K, capacity 32187K, committed 32512K, reserved 1077248K
  class space    used 3627K, capacity 3980K, committed 4096K, reserved 1048576K
}
Event: 6.299 GC heap before
{Heap before GC invocations=6 (full 0):
 garbage-first heap   total 157696K, used 97678K [0x0000000081600000, 0x0000000100000000)
  region size 1024K, 91 young (93184K), 7 survivors (7168K)
 Metaspace       used 34086K, capacity 35119K, committed 35328K, reserved 1081344K
  class space    used 3917K, capacity 4295K, committed 4352K, reserved 1048576K
}
Event: 6.314 GC heap after
{Heap after GC invocations=7 (full 0):
 garbage-first heap   total 157696K, used 14271K [0x0000000081600000, 0x0000000100000000)
  region size 1024K, 7 young (7168K), 7 survivors (7168K)
 Metaspace       used 34086K, capacity 35119K, committed 35328K, reserved 1081344K
  class space    used 3917K, capacity 4295K, committed 4352K, reserved 1048576K
}
Event: 6.680 GC heap before
{Heap before GC invocations=7 (full 0):
 garbage-first heap   total 157696K, used 28607K [0x0000000081600000, 0x0000000100000000)
  region size 1024K, 22 young (22528K), 7 survivors (7168K)
 Metaspace       used 34861K, capacity 35841K, committed 35968K, reserved 1081344K
  class space    used 4011K, capacity 4388K, committed 4480K, reserved 1048576K
}
Event: 6.693 GC heap after
{Heap after GC invocations=8 (full 0):
 garbage-first heap   total 157696K, used 14270K [0x0000000081600000, 0x0000000100000000)
  region size 1024K, 7 young (7168K), 7 survivors (7168K)
 Metaspace       used 34861K, capacity 35841K, committed 35968K, reserved 1081344K
  class space    used 4011K, capacity 4388K, committed 4480K, reserved 1048576K
}
Event: 9.343 GC heap before
{Heap before GC invocations=9 (full 0):
 garbage-first heap   total 157696K, used 101310K [0x0000000081600000, 0x0000000100000000)
  region size 1024K, 92 young (94208K), 7 survivors (7168K)
 Metaspace       used 49872K, capacity 51165K, committed 51356K, reserved 1093632K
  class space    used 6067K, capacity 6562K, committed 6656K, reserved 1048576K
}
Event: 9.365 GC heap after
{Heap after GC invocations=10 (full 0):
 garbage-first heap   total 157696K, used 19394K [0x0000000081600000, 0x0000000100000000)
  region size 1024K, 12 young (12288K), 12 survivors (12288K)
 Metaspace       used 49872K, capacity 51165K, committed 51356K, reserved 1093632K
  class space    used 6067K, capacity 6562K, committed 6656K, reserved 1048576K
}
Event: 10.972 GC heap before
{Heap before GC invocations=10 (full 0):
 garbage-first heap   total 157696K, used 67522K [0x0000000081600000, 0x0000000100000000)
  region size 1024K, 60 young (61440K), 12 survivors (12288K)
 Metaspace       used 59275K, capacity 60623K, committed 60636K, reserved 1101824K
  class space    used 7440K, capacity 7987K, committed 8000K, reserved 1048576K
}
Event: 11.002 GC heap after
{Heap after GC invocations=11 (full 0):
 garbage-first heap   total 189440K, used 21874K [0x0000000081600000, 0x0000000100000000)
  region size 1024K, 9 young (9216K), 9 survivors (9216K)
 Metaspace       used 59275K, capacity 60623K, committed 60636K, reserved 1101824K
  class space    used 7440K, capacity 7987K, committed 8000K, reserved 1048576K
}

Deoptimization events (20 events):
Event: 42.683 Thread 0x000002113c7fe000 Uncommon trap: trap_request=0xffffff4d fr.pc=0x00000211289f84d4 relative=0x00000000000007b4
Event: 42.684 Thread 0x000002113c7fe000 Uncommon trap: reason=unstable_if action=reinterpret pc=0x00000211289f84d4 method=java.net.URL.set(Ljava/lang/String;Ljava/lang/String;ILjava/lang/String;Ljava/lang/String;Ljava/lang/String;Ljava/lang/String;Ljava/lang/String;)V @ 23 c2
Event: 42.684 Thread 0x000002113c7fe000 DEOPT PACKING pc=0x00000211289f84d4 sp=0x00000042d60fc5b0
Event: 42.684 Thread 0x000002113c7fe000 DEOPT UNPACKING pc=0x0000021120eb8f2f sp=0x00000042d60fc578 mode 2
Event: 42.692 Thread 0x000002113c7fe000 Uncommon trap: trap_request=0xffffff4d fr.pc=0x0000021128bc3890 relative=0x0000000000002010
Event: 42.692 Thread 0x000002113c7fe000 Uncommon trap: reason=unstable_if action=reinterpret pc=0x0000021128bc3890 method=java.net.URLStreamHandler.toExternalForm(Ljava/net/URL;)Ljava/lang/String; @ 32 c2
Event: 42.692 Thread 0x000002113c7fe000 DEOPT PACKING pc=0x0000021128bc3890 sp=0x00000042d60fc6b0
Event: 42.692 Thread 0x000002113c7fe000 DEOPT UNPACKING pc=0x0000021120eb8f2f sp=0x00000042d60fc6a0 mode 2
Event: 42.968 Thread 0x000002113c7fe000 Uncommon trap: trap_request=0xffffffde fr.pc=0x0000021128c3b364 relative=0x0000000000001844
Event: 42.968 Thread 0x000002113c7fe000 Uncommon trap: reason=class_check action=maybe_recompile pc=0x0000021128c3b364 method=java.util.concurrent.ConcurrentHashMap.putVal(Ljava/lang/Object;Ljava/lang/Object;Z)Ljava/lang/Object; @ 159 c2
Event: 42.968 Thread 0x000002113c7fe000 DEOPT PACKING pc=0x0000021128c3b364 sp=0x00000042d60fb360
Event: 42.968 Thread 0x000002113c7fe000 DEOPT UNPACKING pc=0x0000021120eb8f2f sp=0x00000042d60fb320 mode 2
Event: 42.968 Thread 0x000002113c7fe000 Uncommon trap: trap_request=0xffffffde fr.pc=0x0000021128c3b364 relative=0x0000000000001844
Event: 42.968 Thread 0x000002113c7fe000 Uncommon trap: reason=class_check action=maybe_recompile pc=0x0000021128c3b364 method=java.util.concurrent.ConcurrentHashMap.putVal(Ljava/lang/Object;Ljava/lang/Object;Z)Ljava/lang/Object; @ 159 c2
Event: 42.968 Thread 0x000002113c7fe000 DEOPT PACKING pc=0x0000021128c3b364 sp=0x00000042d60fb600
Event: 42.968 Thread 0x000002113c7fe000 DEOPT UNPACKING pc=0x0000021120eb8f2f sp=0x00000042d60fb5c0 mode 2
Event: 43.234 Thread 0x000002113c7fe000 Uncommon trap: trap_request=0xffffff4d fr.pc=0x000002112899c048 relative=0x00000000000000a8
Event: 43.234 Thread 0x000002113c7fe000 Uncommon trap: reason=unstable_if action=reinterpret pc=0x000002112899c048 method=java.net.URI.match(CJJ)Z @ 45 c2
Event: 43.234 Thread 0x000002113c7fe000 DEOPT PACKING pc=0x000002112899c048 sp=0x00000042d60fc180
Event: 43.234 Thread 0x000002113c7fe000 DEOPT UNPACKING pc=0x0000021120eb8f2f sp=0x00000042d60fc130 mode 2

Classes redefined (0 events):
No events

Internal exceptions (20 events):
Event: 9.518 Thread 0x0000021138680800 Exception <a 'java/lang/ClassNotFoundException'{0x000000008a9fc3a8}: org/springframework/beans/factory/InitializingBeanCustomizer> (0x000000008a9fc3a8) thrown at [./src/hotspot/share/classfile/systemDictionary.cpp, line 231]
Event: 9.773 Thread 0x000002113c564800 Exception <a 'java/lang/NoSuchMethodError'{0x000000008a017580}: 'java.lang.Object java.lang.invoke.DirectMethodHandle$Holder.newInvokeSpecial(java.lang.Object, java.lang.Object, int, java.lang.Object, java.lang.Object)'> (0x000000008a017580) thrown at [./src/hotspot/share/interpreter/linkResolver.cpp, line 773]
Event: 10.383 Thread 0x000002113c564800 Exception <a 'java/lang/NoSuchMethodError'{0x0000000088fc5308}: 'void java.lang.invoke.DirectMethodHandle$Holder.invokeInterface(java.lang.Object, java.lang.Object)'> (0x0000000088fc5308) thrown at [./src/hotspot/share/interpreter/linkResolver.cpp, line 773]
Event: 10.406 Thread 0x000002113c564800 Exception <a 'java/lang/NoSuchMethodError'{0x0000000088e6c100}: 'java.lang.Object java.lang.invoke.DirectMethodHandle$Holder.invokeStaticInit(java.lang.Object, java.lang.Object, java.lang.Object, java.lang.Object, int, int)'> (0x0000000088e6c100) thrown at [./src/hotspot/share/interpreter/linkResolver.cpp, line 773]
Event: 10.717 Thread 0x0000021138680800 Exception <a 'java/lang/NoSuchMethodError'{0x00000000885364a8}: 'java.lang.Object java.lang.invoke.DirectMethodHandle$Holder.invokeSpecialIFC(java.lang.Object, java.lang.Object, java.lang.Object)'> (0x00000000885364a8) thrown at [./src/hotspot/share/interpreter/linkResolver.cpp, line 773]
Event: 10.937 Thread 0x0000021138680800 Exception <a 'java/lang/ClassNotFoundException'{0x00000000881589c8}: java/lang/ObjectCustomizer> (0x00000000881589c8) thrown at [./src/hotspot/share/classfile/systemDictionary.cpp, line 231]
Event: 10.938 Thread 0x0000021138680800 Exception <a 'java/lang/ClassNotFoundException'{0x000000008816a750}: com/tts/weatherapp/model/ZipCodeCustomizer> (0x000000008816a750) thrown at [./src/hotspot/share/classfile/systemDictionary.cpp, line 231]
Event: 11.014 Thread 0x0000021138680800 Exception <a 'java/lang/NoSuchMethodError'{0x000000008ce16938}: 'int java.lang.invoke.DirectMethodHandle$Holder.invokeVirtual(java.lang.Object, java.lang.Object, java.lang.Object)'> (0x000000008ce16938) thrown at [./src/hotspot/share/interpreter/linkResolver.cpp, line 773]
Event: 11.098 Thread 0x0000021138680800 Exception <a 'java/lang/IncompatibleClassChangeError'{0x000000008cd401a8}: Found class java.lang.Object, but interface was expected> (0x000000008cd401a8) thrown at [./src/hotspot/share/interpreter/linkResolver.cpp, line 839]
Event: 11.253 Thread 0x0000021138680800 Exception <a 'java/lang/reflect/InvocationTargetException'{0x000000008c603a58}> (0x000000008c603a58) thrown at [./src/hotspot/share/runtime/reflection.cpp, line 1247]
Event: 11.276 Thread 0x0000021138680800 Exception <a 'java/lang/NoSuchMethodError'{0x000000008c69a948}: 'java.lang.Object java.lang.invoke.Invokers$Holder.linkToTargetMethod(java.lang.Object, int, java.lang.Object)'> (0x000000008c69a948) thrown at [./src/hotspot/share/interpreter/linkResolver.cpp, line 773]
Event: 11.284 Thread 0x0000021138680800 Exception <a 'java/lang/IncompatibleClassChangeError'{0x000000008c6d0908}: Found class java.lang.Object, but interface was expected> (0x000000008c6d0908) thrown at [./src/hotspot/share/interpreter/linkResolver.cpp, line 839]
Event: 11.389 Thread 0x0000021138680800 Exception <a 'java/lang/ClassNotFoundException'{0x000000008c37b210}: java/lang/ObjectCustomizer> (0x000000008c37b210) thrown at [./src/hotspot/share/classfile/systemDictionary.cpp, line 231]
Event: 11.390 Thread 0x0000021138680800 Exception <a 'java/lang/ClassNotFoundException'{0x000000008c238a58}: com/tts/weatherapp/model/RequestCustomizer> (0x000000008c238a58) thrown at [./src/hotspot/share/classfile/systemDictionary.cpp, line 231]
Event: 24.433 Thread 0x000002113e0f1800 Implicit null exception at 0x0000021128bc9dbc to 0x0000021128bce806
Event: 24.454 Thread 0x000002113e0f1800 Implicit null exception at 0x0000021128bdf6c0 to 0x0000021128be6e5e
Event: 25.885 Thread 0x000002113e0f1800 Exception <a 'java/lang/ClassNotFoundException'{0x0000000089f83b18}: java/lang/ObjectCustomizer> (0x0000000089f83b18) thrown at [./src/hotspot/share/classfile/systemDictionary.cpp, line 231]
Event: 25.888 Thread 0x000002113e0f1800 Exception <a 'java/lang/ClassNotFoundException'{0x0000000089f96878}: com/tts/weatherapp/model/RequestCustomizer> (0x0000000089f96878) thrown at [./src/hotspot/share/classfile/systemDictionary.cpp, line 231]
Event: 42.424 Thread 0x000002113c7fe000 Exception <a 'java/lang/ClassNotFoundException'{0x0000000089a62a38}: java/lang/ObjectCustomizer> (0x0000000089a62a38) thrown at [./src/hotspot/share/classfile/systemDictionary.cpp, line 231]
Event: 42.427 Thread 0x000002113c7fe000 Exception <a 'java/lang/ClassNotFoundException'{0x0000000089a764e0}: com/tts/weatherapp/model/ZipCodeCustomizer> (0x0000000089a764e0) thrown at [./src/hotspot/share/classfile/systemDictionary.cpp, line 231]

Events (20 events):
Event: 43.441 loading class com/fasterxml/jackson/core/json/UTF8StreamJsonParser done
Event: 43.448 loading class com/fasterxml/jackson/core/io/MergedStream
Event: 43.448 loading class com/fasterxml/jackson/core/io/MergedStream done
Event: 43.449 loading class com/fasterxml/jackson/core/io/UTF32Reader
Event: 43.449 loading class com/fasterxml/jackson/core/io/UTF32Reader done
Event: 43.451 loading class sun/net/www/http/KeepAliveCache$1
Event: 43.451 loading class sun/net/www/http/KeepAliveCache$1 done
Event: 43.451 Executing VM operation: RevokeBias
Event: 43.451 Executing VM operation: RevokeBias done
Event: 43.452 Thread 0x000002113c807000 Thread added: 0x000002113c807000
Event: 43.452 loading class sun/net/www/http/ClientVector
Event: 43.453 loading class sun/net/www/http/ClientVector done
Event: 43.454 loading class sun/net/www/http/KeepAliveEntry
Event: 43.454 loading class sun/net/www/http/KeepAliveEntry done
Event: 43.455 loading class com/fasterxml/jackson/core/io/JsonEOFException
Event: 43.455 loading class com/fasterxml/jackson/core/io/JsonEOFException done
Event: 43.457 loading class com/fasterxml/jackson/core/JsonStreamContext
Event: 43.457 loading class com/fasterxml/jackson/core/JsonStreamContext done
Event: 43.465 loading class com/fasterxml/jackson/core/json/JsonReadContext
Event: 43.465 loading class com/fasterxml/jackson/core/json/JsonReadContext done


Dynamic libraries:
0x00007ff668ec0000 - 0x00007ff668ecd000 	C:\Program Files\AdoptOpenJDK\jdk-11.0.7.10-hotspot\bin\java.exe
0x00007ffc3d260000 - 0x00007ffc3d450000 	C:\WINDOWS\SYSTEM32\ntdll.dll
0x00007ffc3d060000 - 0x00007ffc3d112000 	C:\WINDOWS\System32\KERNEL32.DLL
0x00007ffc3a1e0000 - 0x00007ffc3a484000 	C:\WINDOWS\System32\KERNELBASE.dll
0x00007ffc3a4e0000 - 0x00007ffc3a5da000 	C:\WINDOWS\System32\ucrtbase.dll
0x00007ffc2a520000 - 0x00007ffc2a537000 	C:\Program Files\AdoptOpenJDK\jdk-11.0.7.10-hotspot\bin\jli.dll
0x00007ffc3ccd0000 - 0x00007ffc3ce64000 	C:\WINDOWS\System32\USER32.dll
0x00007ffc2a500000 - 0x00007ffc2a515000 	C:\Program Files\AdoptOpenJDK\jdk-11.0.7.10-hotspot\bin\VCRUNTIME140.dll
0x00007ffc3a4b0000 - 0x00007ffc3a4d1000 	C:\WINDOWS\System32\win32u.dll
0x00007ffc3b310000 - 0x00007ffc3b336000 	C:\WINDOWS\System32\GDI32.dll
0x00007ffc3a5e0000 - 0x00007ffc3a776000 	C:\WINDOWS\System32\gdi32full.dll
0x00007ffc3afe0000 - 0x00007ffc3b07e000 	C:\WINDOWS\System32\msvcp_win.dll
0x00007ffc327a0000 - 0x00007ffc32a24000 	C:\WINDOWS\WinSxS\amd64_microsoft.windows.common-controls_6595b64144ccf1df_6.0.18362.959_none_e6c7bbbf130c62bb\COMCTL32.dll
0x00007ffc3d180000 - 0x00007ffc3d21e000 	C:\WINDOWS\System32\msvcrt.dll
0x00007ffc3b490000 - 0x00007ffc3b7c5000 	C:\WINDOWS\System32\combase.dll
0x00007ffc3b8a0000 - 0x00007ffc3b9c0000 	C:\WINDOWS\System32\RPCRT4.dll
0x00007ffc3a7d0000 - 0x00007ffc3a850000 	C:\WINDOWS\System32\bcryptPrimitives.dll
0x00007ffc3ce70000 - 0x00007ffc3ce9e000 	C:\WINDOWS\System32\IMM32.DLL
0x00007ffc12f70000 - 0x00007ffc1300b000 	C:\Program Files\AdoptOpenJDK\jdk-11.0.7.10-hotspot\bin\msvcp140.dll
0x00007ffc09d90000 - 0x00007ffc0a84c000 	C:\Program Files\AdoptOpenJDK\jdk-11.0.7.10-hotspot\bin\server\jvm.dll
0x00007ffc3be60000 - 0x00007ffc3bf03000 	C:\WINDOWS\System32\ADVAPI32.dll
0x00007ffc3b800000 - 0x00007ffc3b897000 	C:\WINDOWS\System32\sechost.dll
0x00007ffc3b480000 - 0x00007ffc3b488000 	C:\WINDOWS\System32\PSAPI.DLL
0x00007ffc36810000 - 0x00007ffc36819000 	C:\WINDOWS\SYSTEM32\WSOCK32.dll
0x00007ffc3bcb0000 - 0x00007ffc3bd1f000 	C:\WINDOWS\System32\WS2_32.dll
0x00007ffc32f00000 - 0x00007ffc32f24000 	C:\WINDOWS\SYSTEM32\WINMM.dll
0x00007ffc2fb00000 - 0x00007ffc2fb0a000 	C:\WINDOWS\SYSTEM32\VERSION.dll
0x00007ffc32ed0000 - 0x00007ffc32efd000 	C:\WINDOWS\SYSTEM32\winmmbase.dll
0x00007ffc3a780000 - 0x00007ffc3a7ca000 	C:\WINDOWS\System32\cfgmgr32.dll
0x00007ffc3a120000 - 0x00007ffc3a131000 	C:\WINDOWS\System32\kernel.appcore.dll
0x00007ffc367c0000 - 0x00007ffc367d0000 	C:\Program Files\AdoptOpenJDK\jdk-11.0.7.10-hotspot\bin\verify.dll
0x00007ffc33af0000 - 0x00007ffc33ce4000 	C:\WINDOWS\SYSTEM32\DBGHELP.DLL
0x00007ffc33ac0000 - 0x00007ffc33aea000 	C:\WINDOWS\SYSTEM32\dbgcore.DLL
0x00007ffc2a4a0000 - 0x00007ffc2a4c8000 	C:\Program Files\AdoptOpenJDK\jdk-11.0.7.10-hotspot\bin\java.dll
0x00007ffc19a20000 - 0x00007ffc19a36000 	C:\Program Files\AdoptOpenJDK\jdk-11.0.7.10-hotspot\bin\zip.dll
0x00007ffc36080000 - 0x00007ffc3608a000 	C:\Program Files\AdoptOpenJDK\jdk-11.0.7.10-hotspot\bin\jimage.dll
0x00007ffc3c430000 - 0x00007ffc3cb16000 	C:\WINDOWS\System32\SHELL32.dll
0x00007ffc3baa0000 - 0x00007ffc3bb49000 	C:\WINDOWS\System32\shcore.dll
0x00007ffc3a850000 - 0x00007ffc3afd2000 	C:\WINDOWS\System32\windows.storage.dll
0x00007ffc3a160000 - 0x00007ffc3a183000 	C:\WINDOWS\System32\profapi.dll
0x00007ffc3a190000 - 0x00007ffc3a1da000 	C:\WINDOWS\System32\powrprof.dll
0x00007ffc3a110000 - 0x00007ffc3a120000 	C:\WINDOWS\System32\UMPDC.dll
0x00007ffc3b9c0000 - 0x00007ffc3ba12000 	C:\WINDOWS\System32\shlwapi.dll
0x00007ffc3a490000 - 0x00007ffc3a4a7000 	C:\WINDOWS\System32\cryptsp.dll
0x00007ffc19310000 - 0x00007ffc19329000 	C:\Program Files\AdoptOpenJDK\jdk-11.0.7.10-hotspot\bin\net.dll
0x00007ffc32530000 - 0x00007ffc32620000 	C:\WINDOWS\SYSTEM32\WINHTTP.dll
0x00007ffc39980000 - 0x00007ffc399e7000 	C:\WINDOWS\system32\mswsock.dll
0x00007ffc181f0000 - 0x00007ffc18202000 	C:\Program Files\AdoptOpenJDK\jdk-11.0.7.10-hotspot\bin\nio.dll
0x00007ffc33720000 - 0x00007ffc33729000 	C:\Program Files\AdoptOpenJDK\jdk-11.0.7.10-hotspot\bin\management.dll
0x00007ffc2cef0000 - 0x00007ffc2cefb000 	C:\Program Files\AdoptOpenJDK\jdk-11.0.7.10-hotspot\bin\management_ext.dll
0x00007ffc124e0000 - 0x00007ffc124f6000 	C:\WINDOWS\system32\napinsp.dll
0x00007ffc121f0000 - 0x00007ffc1220a000 	C:\WINDOWS\system32\pnrpnsp.dll
0x00007ffc396d0000 - 0x00007ffc3979b000 	C:\WINDOWS\SYSTEM32\DNSAPI.dll
0x00007ffc3b7d0000 - 0x00007ffc3b7d8000 	C:\WINDOWS\System32\NSI.dll
0x00007ffc39690000 - 0x00007ffc396ca000 	C:\WINDOWS\SYSTEM32\IPHLPAPI.DLL
0x00007ffc12930000 - 0x00007ffc1293e000 	C:\WINDOWS\System32\winrnr.dll
0x00007ffc33a10000 - 0x00007ffc33a2c000 	C:\WINDOWS\system32\NLAapi.dll
0x00007ffc1f9c0000 - 0x00007ffc1f9d5000 	C:\WINDOWS\system32\wshbth.dll
0x00007ffc31940000 - 0x00007ffc3194a000 	C:\Windows\System32\rasadhlp.dll
0x00007ffc33f50000 - 0x00007ffc33fc7000 	C:\WINDOWS\System32\fwpuclnt.dll
0x00007ffc3b0e0000 - 0x00007ffc3b106000 	C:\WINDOWS\System32\bcrypt.dll
0x00007ffc394f0000 - 0x00007ffc39523000 	C:\WINDOWS\system32\rsaenh.dll
0x00007ffc3a030000 - 0x00007ffc3a055000 	C:\WINDOWS\SYSTEM32\USERENV.dll
0x00007ffc39b50000 - 0x00007ffc39b5c000 	C:\WINDOWS\SYSTEM32\CRYPTBASE.dll
0x00007ffc34130000 - 0x00007ffc34146000 	C:\WINDOWS\SYSTEM32\dhcpcsvc6.DLL
0x00007ffc34110000 - 0x00007ffc3412c000 	C:\WINDOWS\SYSTEM32\dhcpcsvc.DLL

dbghelp: loaded successfully - version: 4.0.5 - missing functions: none
symbol engine: initialized successfully - sym options: 0x614 - pdb path: .;C:\Program Files\AdoptOpenJDK\jdk-11.0.7.10-hotspot\bin;C:\WINDOWS\SYSTEM32;C:\WINDOWS\WinSxS\amd64_microsoft.windows.common-controls_6595b64144ccf1df_6.0.18362.959_none_e6c7bbbf130c62bb;C:\Program Files\AdoptOpenJDK\jdk-11.0.7.10-hotspot\bin\server

VM Arguments:
jvm_args: -Dfile.encoding=UTF-8 
java_command: com.tts.weatherapp.DemoApplication
java_class_path (initial): C:\Users\user\Desktop\bau\0803 JAVA API\weatherapp\target\classes;C:\Users\user\.m2\repository\org\springframework\boot\spring-boot-starter-data-jpa\2.3.2.RELEASE\spring-boot-starter-data-jpa-2.3.2.RELEASE.jar;C:\Users\user\.m2\repository\org\springframework\boot\spring-boot-starter-aop\2.3.2.RELEASE\spring-boot-starter-aop-2.3.2.RELEASE.jar;C:\Users\user\.m2\repository\org\springframework\spring-aop\5.2.8.RELEASE\spring-aop-5.2.8.RELEASE.jar;C:\Users\user\.m2\repository\org\aspectj\aspectjweaver\1.9.6\aspectjweaver-1.9.6.jar;C:\Users\user\.m2\repository\org\springframework\boot\spring-boot-starter-jdbc\2.3.2.RELEASE\spring-boot-starter-jdbc-2.3.2.RELEASE.jar;C:\Users\user\.m2\repository\com\zaxxer\HikariCP\3.4.5\HikariCP-3.4.5.jar;C:\Users\user\.m2\repository\org\springframework\spring-jdbc\5.2.8.RELEASE\spring-jdbc-5.2.8.RELEASE.jar;C:\Users\user\.m2\repository\jakarta\transaction\jakarta.transaction-api\1.3.3\jakarta.transaction-api-1.3.3.jar;C:\Users\user\.m2\repository\jakarta\persistence\jakarta.persistence-api\2.2.3\jakarta.persistence-api-2.2.3.jar;C:\Users\user\.m2\repository\org\hibernate\hibernate-core\5.4.18.Final\hibernate-core-5.4.18.Final.jar;C:\Users\user\.m2\repository\org\jboss\logging\jboss-logging\3.4.1.Final\jboss-logging-3.4.1.Final.jar;C:\Users\user\.m2\repository\org\javassist\javassist\3.24.0-GA\javassist-3.24.0-GA.jar;C:\Users\user\.m2\repository\net\bytebuddy\byte-buddy\1.10.13\byte-buddy-1.10.13.jar;C:\Users\user\.m2\repository\antlr\antlr\2.7.7\antlr-2.7.7.jar;C:\Users\user\.m2\repository\org\jboss\jandex\2.1.3.Final\jandex-2.1.3.Final.jar;C:\Users\user\.m2\repository\com\fasterxml\classmate\1.5.1\classmate-1.5.1.jar;C:\Users\user\.m2\repository\org\dom4j\dom4j\2.1.3\dom4j-2.1.3.jar;C:\Users\user\.m2\repository\org\hibernate\common\hibernate-commons-annotations\5.1.0.Final\hibernate-commons-annotations-5.1.0.Final.jar;C:\Users\user\.m2\repository\org\glassfish\jaxb\jaxb-runtime\2.3.3\jaxb-runtime-2.3.3.jar;C:
Launcher Type: SUN_STANDARD

[Global flags]
     intx CICompilerCount                          = 3                                         {product} {ergonomic}
     uint ConcGCThreads                            = 1                                         {product} {ergonomic}
     uint G1ConcRefinementThreads                  = 4                                         {product} {ergonomic}
   size_t G1HeapRegionSize                         = 1048576                                   {product} {ergonomic}
    uintx GCDrainStackTargetSize                   = 64                                        {product} {ergonomic}
   size_t InitialHeapSize                          = 134217728                                 {product} {ergonomic}
   size_t MarkStackSize                            = 4194304                                   {product} {ergonomic}
   size_t MaxHeapSize                              = 2124414976                                {product} {ergonomic}
   size_t MaxNewSize                               = 1274019840                                {product} {ergonomic}
   size_t MinHeapDeltaBytes                        = 1048576                                   {product} {ergonomic}
    uintx NonNMethodCodeHeapSize                   = 5830732                                {pd product} {ergonomic}
    uintx NonProfiledCodeHeapSize                  = 122913754                              {pd product} {ergonomic}
    uintx ProfiledCodeHeapSize                     = 122913754                              {pd product} {ergonomic}
    uintx ReservedCodeCacheSize                    = 251658240                              {pd product} {ergonomic}
     bool SegmentedCodeCache                       = true                                      {product} {ergonomic}
     bool UseCompressedClassPointers               = true                                 {lp64_product} {ergonomic}
     bool UseCompressedOops                        = true                                 {lp64_product} {ergonomic}
     bool UseG1GC                                  = true                                      {product} {ergonomic}
     bool UseLargePagesIndividualAllocation        = false                                  {pd product} {ergonomic}

Logging:
Log output configuration:
 #0: stdout all=warning uptime,level,tags
 #1: stderr all=off uptime,level,tags

Environment Variables:
JAVA_HOME=C:\Program Files\AdoptOpenJDK\jdk-11.0.7.10-hotspot
PATH=C:\Program Files\AdoptOpenJDK\jdk-11.0.7.10-hotspot\bin;C:\Program Files (x86)\Common Files\Oracle\Java\javapath;C:\ProgramData\Oracle\Java\javapath;C:\WINDOWS\system32;C:\WINDOWS;C:\WINDOWS\System32\Wbem;C:\WINDOWS\System32\WindowsPowerShell\v1.0\;C:\Program Files\Intel\WiFi\bin\;C:\Program Files\Common Files\Intel\WirelessCommon\;C:\Program Files (x86)\Skype\Phone\;C:\WINDOWS\System32\OpenSSH\;C:\Program Files (x86)\AMD\ATI.ACE\Core-Static;C:\Program Files\nodejs\;C:\Users\user\Desktop\apache-maven-3.6.3-bin\apache-maven-3.6.3\bin;C:\Users\user\AppData\Local\Microsoft\WindowsApps;C:\Users\user\AppData\Local\Programs\Git\cmd;C:\Users\user\AppData\Local\Programs\Microsoft VS Code\bin;C:\Users\user\AppData\Roaming\npm
USERNAME=user
OS=Windows_NT
PROCESSOR_IDENTIFIER=Intel64 Family 6 Model 69 Stepping 1, GenuineIntel



---------------  S Y S T E M  ---------------

OS: Windows 10 , 64 bit Build 18362 (10.0.18362.959)
OS uptime: 0 days 17:20 hours

CPU:total 4 (initial active 4) (2 cores per cpu, 2 threads per core) family 6 model 69 stepping 1, cmov, cx8, fxsr, mmx, sse, sse2, sse3, ssse3, sse4.1, sse4.2, popcnt, avx, avx2, aes, clmul, erms, lzcnt, ht, tsc, tscinvbit, bmi1, bmi2, fma

Memory: 4k page, system-wide physical 8097M (1626M free)
TotalPageFile size 10145M (AvailPageFile size 4M)
current process WorkingSet (physical memory assigned to process): 329M, peak: 336M
current process commit charge ("private bytes"): 401M, peak: 404M

vm_info: OpenJDK 64-Bit Server VM (11.0.7+10) for windows-amd64 JRE (11.0.7+10), built on Apr 22 2020 11:46:09 by "" with MS VC++ 15.9 (VS2017)

END.
